<?xml version="1.0" encoding="UTF-8"?>
<!-- Generated by org.testng.reporters.JUnitReportReporter -->
<testsuite hostname="Sudhakar" failures="0" tests="1" name="SeleniumProject.SeleniumProject.PolicyTest" time="4.741" errors="0" timestamp="2023-11-11T12:47:07 IST" skipped="0">
  <testcase classname="SeleniumProject.SeleniumProject.PolicyTest" name="testGoogle" time="4.741"/>
  <system-out/>
</testsuite> <!-- SeleniumProject.SeleniumProject.PolicyTest -->
